Arguments: 
  C:\Program Files\nodejs\node.exe C:\Users\CASPER\AppData\Roaming\npm-cache\_npx\14884\node_modules\yarn\bin\yarn.js add react-native-paper

PATH: 
  C:\Users\CASPER\AppData\Roaming\npm-cache\_npx\14884;C:\Users\CASPER\Desktop\newproject\node_modules\.bin;C:\Python37\Scripts\;C:\Python37\;C:\Python390\Scripts\;C:\Python390\;C:\Windows\system32;C:\Windows;C:\Windows\System32\Wbem;C:\Windows\System32\WindowsPowerShell\v1.0\;C:\Windows\System32\OpenSSH\;C:\Program Files (x86)\NVIDIA Corporation\PhysX\Common;C:\Program Files\NVIDIA Corporation\NVIDIA NvDLISR;C:\Program Files\nodejs\;C:\Program Files\Git\cmd;C:\Users\CASPER\AppData\Local\Microsoft\WindowsApps;C:\Users\CASPER\AppData\Roaming\npm;C:\Users\CASPER\AppData\Local\Programs\Microsoft VS Code\bin;C:\Users\CASPER\AppData\Local\GitHubDesktop\bin;C:\Users\CASPER\AppData\Local\Programs\Python\Python39;C:\Users\CASPER\AppData\Local\Programs\Python\Python39\Scripts;

Yarn version: 
  1.22.10

Node version: 
  12.19.0

Platform: 
  win32 x64

Trace: 
  Error: EPERM: operation not permitted, unlink 'C:\Users\CASPER\Desktop\newproject\node_modules\@babel\plugin-external-helpers\lib'

npm manifest: 
  {
    "main": "node_modules/expo/AppEntry.js",
    "scripts": {
      "start": "expo start",
      "android": "expo start --android",
      "ios": "expo start --ios",
      "web": "expo start --web",
      "eject": "expo eject"
    },
    "dependencies": {
      "@expo/vector-icons": "^10.2.1",
      "@react-native-community/masked-view": "0.1.10",
      "@react-navigation/bottom-tabs": "^5.10.0",
      "@react-navigation/drawer": "^5.11.3",
      "@react-navigation/native": "^5.8.0",
      "@react-navigation/stack": "^5.12.4",
      "expo": "~39.0.2",
      "expo-blur": "~8.2.0",
      "expo-font": "~8.3.0",
      "expo-status-bar": "~1.0.2",
      "react": "16.13.1",
      "react-dom": "16.13.1",
      "react-native": "https://github.com/expo/react-native/archive/sdk-39.0.4.tar.gz",
      "react-native-gesture-handler": "~1.7.0",
      "react-native-reanimated": "~1.13.0",
      "react-native-safe-area-context": "3.1.4",
      "react-native-screens": "~2.10.1",
      "react-native-web": "~0.13.12"
    },
    "devDependencies": {
      "@babel/core": "~7.9.0"
    },
    "private": true
  }

yarn manifest: 
  No manifest

Lockfile: 
  No lockfile
